

================================================================
== Vivado HLS Report for 'AXI_DMA_MASTER'
================================================================
* Date:           Mon Jan  6 15:37:40 2020

* Version:        2018.3 (Build 2405991 on Thu Dec 06 23:56:15 MST 2018)
* Project:        CIFAR_10
* Solution:       solution1
* Product family: zynq
* Target device:  xc7z020clg484-1


================================================================
== Performance Estimates
================================================================
+ Timing (ns): 
    * Summary: 
    +--------+-------+----------+------------+
    |  Clock | Target| Estimated| Uncertainty|
    +--------+-------+----------+------------+
    |ap_clk  |  10.00|    12.592|        1.25|
    +--------+-------+----------+------------+

+ Latency (clock cycles): 
    * Summary: 
    +-----+-----+-----+-----+---------+
    |  Latency  |  Interval | Pipeline|
    | min | max | min | max |   Type  |
    +-----+-----+-----+-----+---------+
    |    ?|    ?|    ?|    ?|   none  |
    +-----+-----+-----+-----+---------+

    + Detail: 
        * Instance: 
        N/A

        * Loop: 
        +----------+-----+-----+----------+-----------+-----------+------+----------+
        |          |  Latency  | Iteration|  Initiation Interval  | Trip |          |
        | Loop Name| min | max |  Latency |  achieved |   target  | Count| Pipelined|
        +----------+-----+-----+----------+-----------+-----------+------+----------+
        |- Loop 1  |    ?|    ?|         3|          1|          1|     ?|    yes   |
        |- Loop 2  |    ?|    ?|         3|          1|          1|     ?|    yes   |
        +----------+-----+-----+----------+-----------+-----------+------+----------+



================================================================
== Utilization Estimates
================================================================
* Summary: 
+-----------------+---------+-------+--------+-------+
|       Name      | BRAM_18K| DSP48E|   FF   |  LUT  |
+-----------------+---------+-------+--------+-------+
|DSP              |        -|      -|       -|      -|
|Expression       |        -|      -|       0|    302|
|FIFO             |        -|      -|       -|      -|
|Instance         |        -|      0|       0|   6252|
|Memory           |        -|      -|       -|      -|
|Multiplexer      |        -|      -|       -|    243|
|Register         |        -|      -|     586|      -|
+-----------------+---------+-------+--------+-------+
|Total            |        0|      0|     586|   6797|
+-----------------+---------+-------+--------+-------+
|Available        |      280|    220|  106400|  53200|
+-----------------+---------+-------+--------+-------+
|Utilization (%)  |        0|      0|   ~0   |     12|
+-----------------+---------+-------+--------+-------+

+ Detail: 
    * Instance: 
    +---------------------------+----------------------+---------+-------+---+------+
    |          Instance         |        Module        | BRAM_18K| DSP48E| FF|  LUT |
    +---------------------------+----------------------+---------+-------+---+------+
    |cifar_10_mul_32s_bkb_U213  |cifar_10_mul_32s_bkb  |        0|      0|  0|  1042|
    |cifar_10_mul_32s_bkb_U214  |cifar_10_mul_32s_bkb  |        0|      0|  0|  1042|
    |cifar_10_mul_32s_bkb_U215  |cifar_10_mul_32s_bkb  |        0|      0|  0|  1042|
    |cifar_10_mul_32s_bkb_U216  |cifar_10_mul_32s_bkb  |        0|      0|  0|  1042|
    |cifar_10_mul_32s_bkb_U217  |cifar_10_mul_32s_bkb  |        0|      0|  0|  1042|
    |cifar_10_mul_32s_bkb_U218  |cifar_10_mul_32s_bkb  |        0|      0|  0|  1042|
    +---------------------------+----------------------+---------+-------+---+------+
    |Total                      |                      |        0|      0|  0|  6252|
    +---------------------------+----------------------+---------+-------+---+------+

    * DSP48: 
    N/A

    * Memory: 
    N/A

    * FIFO: 
    N/A

    * Expression: 
    +--------------------------------------+----------+-------+---+----+------------+------------+
    |             Variable Name            | Operation| DSP48E| FF| LUT| Bitwidth P0| Bitwidth P1|
    +--------------------------------------+----------+-------+---+----+------------+------------+
    |i_18_fu_176_p2                        |     +    |      0|  0|  39|          32|           1|
    |i_2_fu_146_p2                         |     +    |      0|  0|  39|          32|           1|
    |tmp_132_fu_166_p2                     |     +    |      0|  0|  39|          32|           2|
    |tmp_133_fu_136_p2                     |     +    |      0|  0|  39|          32|           2|
    |ap_block_pp0_stage0_01001             |    and   |      0|  0|   2|           1|           1|
    |ap_block_pp1_stage0_01001             |    and   |      0|  0|   2|           1|           1|
    |ap_block_state14_io                   |    and   |      0|  0|   2|           1|           1|
    |ap_block_state14_pp0_stage0_iter1     |    and   |      0|  0|   2|           1|           1|
    |ap_block_state15_io                   |    and   |      0|  0|   2|           1|           1|
    |ap_block_state21_io                   |    and   |      0|  0|   2|           1|           1|
    |ap_block_state21_pp1_stage0_iter1     |    and   |      0|  0|   2|           1|           1|
    |ap_block_state22_io                   |    and   |      0|  0|   2|           1|           1|
    |out_stream_V_data_V_1_load_A          |    and   |      0|  0|   2|           1|           1|
    |out_stream_V_data_V_1_load_B          |    and   |      0|  0|   2|           1|           1|
    |out_stream_V_last_1_load_A            |    and   |      0|  0|   2|           1|           1|
    |out_stream_V_last_1_load_B            |    and   |      0|  0|   2|           1|           1|
    |exitcond1_fu_171_p2                   |   icmp   |      0|  0|  18|          32|          32|
    |exitcond_fu_141_p2                    |   icmp   |      0|  0|  18|          32|          32|
    |out_stream_V_data_V_1_state_cmp_full  |   icmp   |      0|  0|   8|           2|           1|
    |out_stream_V_last_1_state_cmp_full    |   icmp   |      0|  0|   8|           2|           1|
    |tmp_last_1_fu_152_p2                  |   icmp   |      0|  0|  18|          32|          32|
    |tmp_last_fu_182_p2                    |   icmp   |      0|  0|  18|          32|          32|
    |tmp_s_fu_112_p2                       |   icmp   |      0|  0|  18|          32|           1|
    |ap_block_pp0_stage0_11001             |    or    |      0|  0|   2|           1|           1|
    |ap_block_pp1_stage0_11001             |    or    |      0|  0|   2|           1|           1|
    |ap_block_state1                       |    or    |      0|  0|   2|           1|           1|
    |ap_block_state16                      |    or    |      0|  0|   2|           1|           1|
    |ap_enable_pp0                         |    xor   |      0|  0|   2|           1|           2|
    |ap_enable_pp1                         |    xor   |      0|  0|   2|           1|           2|
    |ap_enable_reg_pp0_iter1               |    xor   |      0|  0|   2|           2|           1|
    |ap_enable_reg_pp1_iter1               |    xor   |      0|  0|   2|           2|           1|
    +--------------------------------------+----------+-------+---+----+------------+------------+
    |Total                                 |          |      0|  0| 302|         314|         159|
    +--------------------------------------+----------+-------+---+----+------------+------------+

    * Multiplexer: 
    +--------------------------------+----+-----------+-----+-----------+
    |              Name              | LUT| Input Size| Bits| Total Bits|
    +--------------------------------+----+-----------+-----+-----------+
    |ap_NS_fsm                       |  93|         19|    1|         19|
    |ap_done                         |   9|          2|    1|          2|
    |ap_enable_reg_pp0_iter1         |   9|          2|    1|          2|
    |ap_enable_reg_pp0_iter2         |   9|          2|    1|          2|
    |ap_enable_reg_pp1_iter1         |   9|          2|    1|          2|
    |ap_enable_reg_pp1_iter2         |   9|          2|    1|          2|
    |i1_reg_80                       |   9|          2|   32|         64|
    |i_reg_91                        |   9|          2|   32|         64|
    |in_stream_V_V_blk_n             |   9|          2|    1|          2|
    |out_stream_TDATA_blk_n          |   9|          2|    1|          2|
    |out_stream_V_data_V_1_data_out  |   9|          2|   32|         64|
    |out_stream_V_data_V_1_state     |  15|          3|    2|          6|
    |out_stream_V_last_1_data_in     |  21|          4|    1|          4|
    |out_stream_V_last_1_data_out    |   9|          2|    1|          2|
    |out_stream_V_last_1_state       |  15|          3|    2|          6|
    +--------------------------------+----+-----------+-----+-----------+
    |Total                           | 243|         51|  110|        243|
    +--------------------------------+----+-----------+-----+-----------+

    * Register: 
    +---------------------------------+----+----+-----+-----------+
    |               Name              | FF | LUT| Bits| Const Bits|
    +---------------------------------+----+----+-----+-----------+
    |KER_bound_reg_231                |  32|   0|   32|          0|
    |KER_size_0_reg_216               |  32|   0|   32|          0|
    |KER_size_1_reg_226               |  32|   0|   32|          0|
    |OFM_bound_reg_261                |  32|   0|   32|          0|
    |OFM_size_0_reg_221               |  32|   0|   32|          0|
    |OFM_size_1_reg_256               |  32|   0|   32|          0|
    |ap_CS_fsm                        |  18|   0|   18|          0|
    |ap_done_reg                      |   1|   0|    1|          0|
    |ap_enable_reg_pp0_iter0          |   1|   0|    1|          0|
    |ap_enable_reg_pp0_iter1          |   1|   0|    1|          0|
    |ap_enable_reg_pp0_iter2          |   1|   0|    1|          0|
    |ap_enable_reg_pp1_iter0          |   1|   0|    1|          0|
    |ap_enable_reg_pp1_iter1          |   1|   0|    1|          0|
    |ap_enable_reg_pp1_iter2          |   1|   0|    1|          0|
    |exitcond1_reg_272                |   1|   0|    1|          0|
    |exitcond1_reg_272_pp1_iter1_reg  |   1|   0|    1|          0|
    |exitcond_reg_242                 |   1|   0|    1|          0|
    |exitcond_reg_242_pp0_iter1_reg   |   1|   0|    1|          0|
    |i1_reg_80                        |  32|   0|   32|          0|
    |i_reg_91                         |  32|   0|   32|          0|
    |out_stream_V_data_V_1_payload_A  |  32|   0|   32|          0|
    |out_stream_V_data_V_1_payload_B  |  32|   0|   32|          0|
    |out_stream_V_data_V_1_sel_rd     |   1|   0|    1|          0|
    |out_stream_V_data_V_1_sel_wr     |   1|   0|    1|          0|
    |out_stream_V_data_V_1_state      |   2|   0|    2|          0|
    |out_stream_V_last_1_payload_A    |   1|   0|    1|          0|
    |out_stream_V_last_1_payload_B    |   1|   0|    1|          0|
    |out_stream_V_last_1_sel_rd       |   1|   0|    1|          0|
    |out_stream_V_last_1_sel_wr       |   1|   0|    1|          0|
    |out_stream_V_last_1_state        |   2|   0|    2|          0|
    |reg_102                          |  32|   0|   32|          0|
    |reg_107                          |  32|   0|   32|          0|
    |tmp_132_reg_267                  |  32|   0|   32|          0|
    |tmp_133_reg_237                  |  32|   0|   32|          0|
    |tmp_V_358_reg_191                |  32|   0|   32|          0|
    |tmp_V_359_reg_198                |  32|   0|   32|          0|
    |tmp_V_362_reg_204                |  32|   0|   32|          0|
    |tmp_last_1_reg_251               |   1|   0|    1|          0|
    |tmp_last_reg_281                 |   1|   0|    1|          0|
    |tmp_s_reg_187                    |   1|   0|    1|          0|
    +---------------------------------+----+----+-----+-----------+
    |Total                            | 586|   0|  586|          0|
    +---------------------------------+----+----+-----+-----------+



================================================================
== Interface
================================================================
* Summary: 
+-----------------------+-----+-----+------------+---------------------+--------------+
|       RTL Ports       | Dir | Bits|  Protocol  |    Source Object    |    C Type    |
+-----------------------+-----+-----+------------+---------------------+--------------+
|ap_clk                 |  in |    1| ap_ctrl_hs |    AXI_DMA_MASTER   | return value |
|ap_rst                 |  in |    1| ap_ctrl_hs |    AXI_DMA_MASTER   | return value |
|ap_start               |  in |    1| ap_ctrl_hs |    AXI_DMA_MASTER   | return value |
|ap_done                | out |    1| ap_ctrl_hs |    AXI_DMA_MASTER   | return value |
|ap_continue            |  in |    1| ap_ctrl_hs |    AXI_DMA_MASTER   | return value |
|ap_idle                | out |    1| ap_ctrl_hs |    AXI_DMA_MASTER   | return value |
|ap_ready               | out |    1| ap_ctrl_hs |    AXI_DMA_MASTER   | return value |
|in_stream_V_V_dout     |  in |   32|   ap_fifo  |    in_stream_V_V    |    pointer   |
|in_stream_V_V_empty_n  |  in |    1|   ap_fifo  |    in_stream_V_V    |    pointer   |
|in_stream_V_V_read     | out |    1|   ap_fifo  |    in_stream_V_V    |    pointer   |
|out_stream_TDATA       | out |   32|    axis    | out_stream_V_data_V |    pointer   |
|out_stream_TREADY      |  in |    1|    axis    | out_stream_V_data_V |    pointer   |
|out_stream_TVALID      | out |    1|    axis    |  out_stream_V_last  |    pointer   |
|out_stream_TLAST       | out |    1|    axis    |  out_stream_V_last  |    pointer   |
+-----------------------+-----+-----+------------+---------------------+--------------+

